<?xml version="1.0" encoding="UTF-8"?>
<!-- Generated by org.testng.reporters.JUnitReportReporter -->
<testsuite hostname="LAPTOP-CR4SMF10" failures="0" tests="4" name="MusalaSoftTestPkg.Tests" time="117.451" errors="0" timestamp="2022-06-17T22:16:34 EEST" skipped="0">
  <testcase classname="MusalaSoftTestPkg.Tests" name="TestCase2" time="8.419"/>
  <system-out/>
  <testcase classname="MusalaSoftTestPkg.Tests" name="TestCase4" time="13.485"/>
  <system-out/>
  <testcase classname="MusalaSoftTestPkg.Tests" name="TestCase3" time="30.760"/>
  <system-out/>
  <testcase classname="MusalaSoftTestPkg.Tests" name="TestCase1" time="64.787"/>
  <system-out/>
</testsuite> <!-- MusalaSoftTestPkg.Tests -->
